#
# There is insufficient memory for the Java Runtime Environment to continue.
# Native memory allocation (malloc) failed to allocate 1048576 bytes for AllocateHeap
# Possible reasons:
#   The system is out of physical RAM or swap space
#   In 32 bit mode, the process size limit was hit
# Possible solutions:
#   Reduce memory load on the system
#   Increase physical memory or swap space
#   Check if swap backing store is full
#   Use 64 bit Java on a 64 bit OS
#   Decrease Java heap size (-Xmx/-Xms)
#   Decrease number of Java threads
#   Decrease Java thread stack sizes (-Xss)
#   Set larger code cache with -XX:ReservedCodeCacheSize=
# This output file may be truncated or incomplete.
#
#  Out of Memory Error (memory/allocation.inline.hpp:61), pid=9436, tid=12696
#
# JRE version:  (8.0_45-b14) (build )
# Java VM: Java HotSpot(TM) 64-Bit Server VM (25.45-b02 mixed mode windows-amd64 compressed oops)
# Failed to write core dump. Minidumps are not enabled by default on client versions of Windows
#

---------------  T H R E A D  ---------------

Current thread (0x0000000001ff0800):  JavaThread "Unknown thread" [_thread_in_vm, id=12696, stack(0x0000000001e20000,0x0000000001f20000)]

Stack: [0x0000000001e20000,0x0000000001f20000]
Native frames: (J=compiled Java code, j=interpreted, Vv=VM code, C=native code)
V  [jvm.dll+0x32b57a]
V  [jvm.dll+0x279873]
V  [jvm.dll+0x27a509]
V  [jvm.dll+0x271825]
V  [jvm.dll+0x1606]
V  [jvm.dll+0x270892]
V  [jvm.dll+0x3eee4a]
V  [jvm.dll+0x3ea7a7]
V  [jvm.dll+0xf2cf2]
V  [jvm.dll+0x20f0c9]
V  [jvm.dll+0x240e0a]
V  [jvm.dll+0x15ba41]
C  [javaw.exe+0x217e]
C  [javaw.exe+0xcd17]
C  [javaw.exe+0xcdab]
C  [KERNEL32.DLL+0x13d2]
C  [ntdll.dll+0x15444]


---------------  P R O C E S S  ---------------

Java Threads: ( => current thread )

Other Threads:

=>0x0000000001ff0800 (exited) JavaThread "Unknown thread" [_thread_in_vm, id=12696, stack(0x0000000001e20000,0x0000000001f20000)]

VM state:not at safepoint (normal execution)

VM Mutex/Monitor currently owned by a thread: None

Heap:
 PSYoungGen      total 76288K, used 1310K [0x000000076b400000, 0x0000000770900000, 0x00000007c0000000)
  eden space 65536K, 2% used [0x000000076b400000,0x000000076b547af0,0x000000076f400000)
  from space 10752K, 0% used [0x000000076fe80000,0x000000076fe80000,0x0000000770900000)
  to   space 10752K, 0% used [0x000000076f400000,0x000000076f400000,0x000000076fe80000)
 ParOldGen       total 175104K, used 0K [0x00000006c1c00000, 0x00000006cc700000, 0x000000076b400000)
  object space 175104K, 0% used [0x00000006c1c00000,0x00000006c1c00000,0x00000006cc700000)
 Metaspace       used 749K, capacity 1092K, committed 1152K, reserved 1060864K
  class space    used 75K, capacity 384K, committed 384K, reserved 1048576K

Card table byte_map: [0x00000000115a0000,0x0000000011da0000] byte_map_base: 0x000000000df92000

Marking Bits: (ParMarkBitMap*) 0x0000000065c54040
 Begin Bits: [0x0000000012af0000, 0x0000000016a80000)
 End Bits:   [0x0000000016a80000, 0x000000001aa10000)

Polling page: 0x0000000000630000

CodeCache: size=245760Kb used=328Kb max_used=328Kb free=245431Kb
 bounds [0x00000000021e0000, 0x0000000002450000, 0x00000000111e0000]
 total_blobs=57 nmethods=0 adapters=37
 compilation: enabled

Compilation events (0 events):
No events

GC Heap History (0 events):
No events

Deoptimization events (0 events):
No events

Internal exceptions (0 events):
No events

Events (10 events):
Event: 0.060 loading class java/lang/Short
Event: 0.061 loading class java/lang/Short done
Event: 0.061 loading class java/lang/Integer
Event: 0.061 loading class java/lang/Integer done
Event: 0.061 loading class java/lang/Long
Event: 0.061 loading class java/lang/Long done
Event: 0.063 loading class java/lang/NullPointerException
Event: 0.063 loading class java/lang/NullPointerException done
Event: 0.063 loading class java/lang/ArithmeticException
Event: 0.063 loading class java/lang/ArithmeticException done


Dynamic libraries:
0x00007ff74f960000 - 0x00007ff74f997000 	C:\Program Files\Java\jre1.8.0_45\bin\javaw.exe
0x00007ffb43b50000 - 0x00007ffb43cfc000 	C:\WINDOWS\SYSTEM32\ntdll.dll
0x00007ffb411d0000 - 0x00007ffb4130e000 	C:\WINDOWS\system32\KERNEL32.DLL
0x00007ffb41050000 - 0x00007ffb41165000 	C:\WINDOWS\system32\KERNELBASE.dll
0x00007ffb3f820000 - 0x00007ffb3f8ae000 	C:\WINDOWS\system32\apphelp.dll
0x00007ffb34230000 - 0x00007ffb34283000 	C:\WINDOWS\AppPatch\AppPatch64\AcGenral.DLL
0x00007ffb41970000 - 0x00007ffb41a1a000 	C:\WINDOWS\system32\msvcrt.dll
0x00007ffb40ad0000 - 0x00007ffb40afe000 	C:\WINDOWS\SYSTEM32\SspiCli.dll
0x00007ffb42570000 - 0x00007ffb425c4000 	C:\WINDOWS\system32\SHLWAPI.dll
0x00007ffb41680000 - 0x00007ffb417f7000 	C:\WINDOWS\system32\USER32.dll
0x00007ffb42360000 - 0x00007ffb424f4000 	C:\WINDOWS\system32\ole32.dll
0x00007ffb425d0000 - 0x00007ffb43ae8000 	C:\WINDOWS\system32\SHELL32.dll
0x00007ffb402a0000 - 0x00007ffb402c1000 	C:\WINDOWS\SYSTEM32\USERENV.dll
0x00007ffb41800000 - 0x00007ffb418aa000 	C:\WINDOWS\system32\ADVAPI32.dll
0x00007ffb35100000 - 0x00007ffb3511e000 	C:\WINDOWS\SYSTEM32\MPR.dll
0x00007ffb41310000 - 0x00007ffb41451000 	C:\WINDOWS\system32\RPCRT4.dll
0x00007ffb43af0000 - 0x00007ffb43b49000 	C:\WINDOWS\SYSTEM32\sechost.dll
0x00007ffb41460000 - 0x00007ffb41671000 	C:\WINDOWS\SYSTEM32\combase.dll
0x00007ffb41fb0000 - 0x00007ffb42101000 	C:\WINDOWS\system32\GDI32.dll
0x00007ffb40ca0000 - 0x00007ffb40cb5000 	C:\WINDOWS\SYSTEM32\profapi.dll
0x00007ffb3f760000 - 0x00007ffb3f812000 	C:\WINDOWS\SYSTEM32\SHCORE.dll
0x00007ffb41ee0000 - 0x00007ffb41f16000 	C:\WINDOWS\system32\IMM32.DLL
0x00007ffb42110000 - 0x00007ffb42262000 	C:\WINDOWS\system32\MSCTF.dll
0x00007ffb3d5d0000 - 0x00007ffb3d84a000 	C:\WINDOWS\WinSxS\amd64_microsoft.windows.common-controls_6595b64144ccf1df_6.0.9600.17810_none_6240b9c7ecbd0bda\COMCTL32.dll
0x0000000065290000 - 0x0000000065362000 	C:\Program Files\Java\jre1.8.0_45\bin\msvcr100.dll
0x0000000065450000 - 0x0000000065cd3000 	C:\Program Files\Java\jre1.8.0_45\bin\server\jvm.dll
0x00007ffb36610000 - 0x00007ffb36619000 	C:\WINDOWS\SYSTEM32\WSOCK32.dll
0x00007ffb3dd50000 - 0x00007ffb3dd72000 	C:\WINDOWS\SYSTEM32\WINMM.dll
0x00007ffb3ddf0000 - 0x00007ffb3ddfa000 	C:\WINDOWS\SYSTEM32\VERSION.dll
0x00007ffb42270000 - 0x00007ffb42277000 	C:\WINDOWS\system32\PSAPI.DLL
0x00007ffb41af0000 - 0x00007ffb41b4a000 	C:\WINDOWS\system32\WS2_32.dll
0x00007ffb3dd10000 - 0x00007ffb3dd3a000 	C:\WINDOWS\SYSTEM32\WINMMBASE.dll
0x00007ffb42290000 - 0x00007ffb42299000 	C:\WINDOWS\system32\NSI.dll
0x00007ffb41000000 - 0x00007ffb4104f000 	C:\WINDOWS\SYSTEM32\cfgmgr32.dll
0x00007ffb3fab0000 - 0x00007ffb3fad8000 	C:\WINDOWS\SYSTEM32\DEVOBJ.dll
0x0000000065440000 - 0x000000006544f000 	C:\Program Files\Java\jre1.8.0_45\bin\verify.dll
0x0000000065410000 - 0x0000000065439000 	C:\Program Files\Java\jre1.8.0_45\bin\java.dll
0x00000000653f0000 - 0x0000000065406000 	C:\Program Files\Java\jre1.8.0_45\bin\zip.dll
0x00007ffb3baa0000 - 0x00007ffb3bc29000 	C:\WINDOWS\SYSTEM32\dbghelp.dll

VM Arguments:
jvm_args: -Dfile.encoding=Cp1252 
java_command: GUILayer.GUIStart
java_class_path (initial): C:\Users\michael_k\workspace\Projekt\bin
Launcher Type: SUN_STANDARD

Environment Variables:
PATH=C:/Program Files/Java/jre1.8.0_45/bin/server;C:/Program Files/Java/jre1.8.0_45/bin;C:/Program Files/Java/jre1.8.0_45/lib/amd64;C:\ProgramData\Oracle\Java\javapath;C:\Program Files (x86)\Intel\iCLS Client\;C:\Program Files\Intel\iCLS Client\;C:\Program Files (x86)\NVIDIA Corporation\PhysX\Common;C:\WINDOWS\system32;C:\WINDOWS;C:\WINDOWS\System32\Wbem;C:\WINDOWS\System32\WindowsPowerShell\v1.0\;C:\Program Files\Intel\Intel(R) Management Engine Components\DAL;C:\Program Files (x86)\Intel\Intel(R) Management Engine Components\DAL;C:\Program Files\Intel\Intel(R) Management Engine Components\IPT;C:\Program Files (x86)\Intel\Intel(R) Management Engine Components\IPT;C:\Program Files\Intel\WiFi\bin\;C:\Program Files\Common Files\Intel\WirelessCommon\;C:\Program Files (x86)\Skype\Phone\;C:\Program Files\Common Files\Autodesk Shared\;C:\Program Files (x86)\Autodesk\Backburner\;C:\Program Files\TortoiseSVN\bin;C:\Program Files (x86)\Windows Kits\8.1\Windows Performance Toolkit\;C:\Program Files\Microsoft SQL Server\110\Tools\Binn\;C:\Program Files (x86)\Microsoft SDKs\TypeScript\1.0\;C:\Program Files\Microsoft SQL Server\120\Tools\Binn\;C:\Program Files\Intel\WiFi\bin\;C:\Program Files\Common Files\Intel\WirelessCommon\;C:\Program Files\eclipse;
USERNAME=michael_k
OS=Windows_NT
PROCESSOR_IDENTIFIER=Intel64 Family 6 Model 60 Stepping 3, GenuineIntel



---------------  S Y S T E M  ---------------

OS: Windows 8.1 , 64 bit Build 9600 (6.3.9600.17415)

CPU:total 8 (4 cores per cpu, 2 threads per core) family 6 model 60 stepping 3, cmov, cx8, fxsr, mmx, sse, sse2, sse3, ssse3, sse4.1, sse4.2, popcnt, avx, avx2, aes, clmul, erms, lzcnt, ht, tsc, tscinvbit, bmi1, bmi2

Memory: 4k page, physical 16658588k(9612944k free), swap 19804316k(5380k free)

vm_info: Java HotSpot(TM) 64-Bit Server VM (25.45-b02) for windows-amd64 JRE (1.8.0_45-b14), built on Apr 10 2015 10:34:15 by "java_re" with MS VC++ 10.0 (VS2010)

time: Sun Jun 14 20:33:29 2015
elapsed time: 0 seconds (0d 0h 0m 0s)

